09/01/2022 04:17:07 PM INFO:PopGen server started http://localhost:8080
09/01/2022 04:17:15 PM INFO:/
09/01/2022 04:17:15 PM INFO:('127.0.0.1', 50078)
09/01/2022 04:17:15 PM INFO:HTTP/1.1
09/01/2022 04:17:16 PM INFO:/favicon.ico
09/01/2022 04:17:16 PM INFO:('127.0.0.1', 50080)
09/01/2022 04:17:16 PM INFO:HTTP/1.1
09/01/2022 04:17:34 PM INFO:/asgaer
09/01/2022 04:17:34 PM INFO:('127.0.0.1', 50081)
09/01/2022 04:17:34 PM INFO:HTTP/1.1
09/01/2022 04:17:40 PM INFO:/test
09/01/2022 04:17:40 PM INFO:('127.0.0.1', 50090)
09/01/2022 04:17:40 PM INFO:HTTP/1.1
09/01/2022 04:17:44 PM INFO:/popgen
09/01/2022 04:17:44 PM INFO:('127.0.0.1', 50091)
09/01/2022 04:17:44 PM INFO:HTTP/1.1
09/01/2022 04:17:44 PM INFO:local variable 'N' referenced before assignment
09/01/2022 04:17:52 PM INFO:/
09/01/2022 04:17:52 PM INFO:('127.0.0.1', 50098)
09/01/2022 04:17:52 PM INFO:HTTP/1.1
09/01/2022 04:17:59 PM INFO:/popgen?
09/01/2022 04:17:59 PM INFO:('127.0.0.1', 50099)
09/01/2022 04:17:59 PM INFO:HTTP/1.1
09/01/2022 04:17:59 PM INFO:Token 1: /popgen
09/01/2022 04:17:59 PM INFO:Token 2: 
09/01/2022 04:17:59 PM INFO:/popgen?
09/01/2022 04:17:59 PM INFO:('127.0.0.1', 50102)
09/01/2022 04:17:59 PM INFO:HTTP/1.1
09/01/2022 04:17:59 PM INFO:Token 1: /popgen
09/01/2022 04:17:59 PM INFO:Token 2: 
09/01/2022 04:18:00 PM INFO:/popgen?
09/01/2022 04:18:00 PM INFO:('127.0.0.1', 50103)
09/01/2022 04:18:00 PM INFO:HTTP/1.1
09/01/2022 04:18:00 PM INFO:Token 1: /popgen
09/01/2022 04:18:00 PM INFO:Token 2: 
09/01/2022 04:18:00 PM INFO:/popgen?
09/01/2022 04:18:00 PM INFO:('127.0.0.1', 50106)
09/01/2022 04:18:00 PM INFO:HTTP/1.1
09/01/2022 04:18:00 PM INFO:Token 1: /popgen
09/01/2022 04:18:00 PM INFO:Token 2: 
09/01/2022 04:18:05 PM INFO:/popgen?
09/01/2022 04:18:05 PM INFO:('127.0.0.1', 50107)
09/01/2022 04:18:05 PM INFO:HTTP/1.1
09/01/2022 04:18:05 PM INFO:Token 1: /popgen
09/01/2022 04:18:05 PM INFO:Token 2: 
09/01/2022 04:18:06 PM INFO:/popgen?
09/01/2022 04:18:06 PM INFO:('127.0.0.1', 50110)
09/01/2022 04:18:06 PM INFO:HTTP/1.1
09/01/2022 04:18:06 PM INFO:Token 1: /popgen
09/01/2022 04:18:06 PM INFO:Token 2: 
09/01/2022 04:18:36 PM INFO:/popgen?
09/01/2022 04:18:36 PM INFO:('127.0.0.1', 50111)
09/01/2022 04:18:36 PM INFO:HTTP/1.1
09/01/2022 04:18:36 PM INFO:Token 1: /popgen
09/01/2022 04:18:36 PM INFO:Token 2: 
09/01/2022 04:18:36 PM INFO:/popgen?
09/01/2022 04:18:36 PM INFO:('127.0.0.1', 50122)
09/01/2022 04:18:36 PM INFO:HTTP/1.1
09/01/2022 04:18:36 PM INFO:Token 1: /popgen
09/01/2022 04:18:36 PM INFO:Token 2: 
09/01/2022 04:19:18 PM INFO:PopGen server started http://localhost:8080
09/01/2022 04:19:21 PM INFO:/popgen?
09/01/2022 04:19:21 PM INFO:('127.0.0.1', 50132)
09/01/2022 04:19:21 PM INFO:HTTP/1.1
09/01/2022 04:19:21 PM INFO:Token 1: /popgen
09/01/2022 04:19:21 PM INFO:Token 2: 
09/01/2022 04:20:21 PM INFO:/popgen?
09/01/2022 04:20:21 PM INFO:('127.0.0.1', 50134)
09/01/2022 04:20:21 PM INFO:HTTP/1.1
09/01/2022 04:20:21 PM INFO:Token 1: /popgen
09/01/2022 04:20:21 PM INFO:Token 2: 
09/01/2022 04:20:21 PM INFO:/popgen?
09/01/2022 04:20:21 PM INFO:('127.0.0.1', 50146)
09/01/2022 04:20:21 PM INFO:HTTP/1.1
09/01/2022 04:20:21 PM INFO:Token 1: /popgen
09/01/2022 04:20:21 PM INFO:Token 2: 
09/01/2022 04:20:50 PM INFO:PopGen server started http://localhost:8080
09/01/2022 04:20:53 PM INFO:/popgen?
09/01/2022 04:20:53 PM INFO:('127.0.0.1', 50157)
09/01/2022 04:20:53 PM INFO:HTTP/1.1
09/01/2022 04:20:53 PM INFO:Token 1: /popgen
09/01/2022 04:20:53 PM INFO:Token 2: 
09/01/2022 04:20:53 PM INFO:local variable 'N' referenced before assignment
09/01/2022 04:20:59 PM INFO:/popgen?&
09/01/2022 04:20:59 PM INFO:('127.0.0.1', 50158)
09/01/2022 04:20:59 PM INFO:HTTP/1.1
09/01/2022 04:20:59 PM INFO:Token 1: /popgen
09/01/2022 04:20:59 PM INFO:Token 2: &
09/01/2022 04:20:59 PM INFO:'str' object cannot be interpreted as an integer
09/01/2022 04:21:18 PM INFO:/popgen?10_000&0.5
09/01/2022 04:21:18 PM INFO:('127.0.0.1', 50166)
09/01/2022 04:21:18 PM INFO:HTTP/1.1
09/01/2022 04:21:18 PM INFO:Token 1: /popgen
09/01/2022 04:21:18 PM INFO:Token 2: 10_000&0.5
09/01/2022 04:21:18 PM INFO:local variable 'N' referenced before assignment
09/01/2022 04:24:11 PM INFO:PopGen server started http://localhost:8080
09/01/2022 04:24:14 PM INFO:/popgen?10_000&0.5
09/01/2022 04:24:14 PM INFO:('127.0.0.1', 50188)
09/01/2022 04:24:14 PM INFO:HTTP/1.1
09/01/2022 04:24:14 PM INFO:Token 1: /popgen
09/01/2022 04:24:14 PM INFO:Token 2: 10_000&0.5
09/01/2022 04:24:14 PM INFO:'str' object cannot be interpreted as an integer
09/01/2022 04:25:18 PM INFO:PopGen server started http://localhost:8080
09/01/2022 04:25:20 PM INFO:/popgen?10_000&0.5
09/01/2022 04:25:20 PM INFO:('127.0.0.1', 50202)
09/01/2022 04:25:20 PM INFO:HTTP/1.1
09/01/2022 04:25:20 PM INFO:Token 1: /popgen
09/01/2022 04:25:20 PM INFO:Token 2: 10_000&0.5
09/01/2022 04:25:20 PM INFO:N: 10_000
MALE_PROPORTION:0.5
09/01/2022 04:25:20 PM INFO:'str' object cannot be interpreted as an integer
09/01/2022 04:25:55 PM INFO:PopGen server started http://localhost:8080
09/01/2022 04:25:57 PM INFO:/popgen?10_000&0.5
09/01/2022 04:25:57 PM INFO:('127.0.0.1', 50219)
09/01/2022 04:25:57 PM INFO:HTTP/1.1
09/01/2022 04:25:57 PM INFO:Token 1: /popgen
09/01/2022 04:25:57 PM INFO:Token 2: 10_000&0.5
09/01/2022 04:25:57 PM INFO:N: 10000.0
MALE_PROPORTION:0.5
09/01/2022 04:25:57 PM INFO:'float' object cannot be interpreted as an integer
09/01/2022 04:26:17 PM INFO:PopGen server started http://localhost:8080
09/01/2022 04:26:24 PM INFO:/popgen?10_000&0.5
09/01/2022 04:26:24 PM INFO:('127.0.0.1', 50229)
09/01/2022 04:26:24 PM INFO:HTTP/1.1
09/01/2022 04:26:24 PM INFO:Token 1: /popgen
09/01/2022 04:26:24 PM INFO:Token 2: 10_000&0.5
09/01/2022 04:26:24 PM INFO:N: 10000
MALE_PROPORTION:0.5
